<?xml version="1.0" encoding="UTF-8"?>
<!-- Generated by org.testng.reporters.JUnitXMLReporter -->
<testsuite hostname="LAPTOP-M7IGHPB6" ignored="0" name="CRUD Operation Test" tests="5" failures="0" timestamp="2019-11-24T10:49:04 CET" time="5.23" errors="0">
  <testcase name="createArticle" time="1.422" classname="com.bblog.Test.CreateArticle"/>
  <testcase name="deleteArticle" time="1.12" classname="com.bblog.Test.DeleteArticle"/>
  <testcase name="editArticle" time="0.752" classname="com.bblog.Test.EditArticle"/>
  <testcase name="getArticle" time="1.096" classname="com.bblog.Test.GetArticle"/>
  <testcase name="verifyInvalidArticleSlug" time="0.365" classname="com.bblog.Test.GetArticle"/>
</testsuite> <!-- CRUD Operation Test -->
