<?xml version="1.0" encoding="UTF-8"?>
<!-- Generated by org.testng.reporters.JUnitXMLReporter -->
<testsuite hostname="LAPTOP-M7IGHPB6" ignored="0" name="Test" tests="5" failures="0" timestamp="2019-11-22T18:11:36 CET" time="4.475" errors="0">
  <testcase name="createArticle" time="1.39" classname="com.bblog.Test.CreateArticle"/>
  <testcase name="deleteArticle" time="0.94" classname="com.bblog.Test.DeleteArticle"/>
  <testcase name="editArticle" time="0.688" classname="com.bblog.Test.EditArticle"/>
  <testcase name="getArticle" time="0.643" classname="com.bblog.Test.GetArticle"/>
  <testcase name="verifyInvalidArticleSlug" time="0.387" classname="com.bblog.Test.GetArticle"/>
</testsuite> <!-- Test -->
