<?xml version="1.0" encoding="UTF-8"?>
<testng-results skipped="0" failed="0" ignored="0" total="1" passed="1">
  <reporter-output>
  </reporter-output>
  <suite name="Default suite" duration-ms="2810" started-at="2020-04-24T20:50:40 CEST" finished-at="2020-04-24T20:50:43 CEST">
    <groups>
    </groups>
    <test name="Default test" duration-ms="2810" started-at="2020-04-24T20:50:40 CEST" finished-at="2020-04-24T20:50:43 CEST">
      <class name="com.bblog.Test.GetArticle">
        <test-method status="PASS" signature="verifyGetRequestServiceNow()[pri:0, instance:com.bblog.Test.GetArticle@57536d79]" name="verifyGetRequestServiceNow" duration-ms="2769" started-at="2020-04-24T20:50:40 CEST" finished-at="2020-04-24T20:50:43 CEST">
          <reporter-output>
          </reporter-output>
        </test-method> <!-- verifyGetRequestServiceNow -->
      </class> <!-- com.bblog.Test.GetArticle -->
    </test> <!-- Default test -->
  </suite> <!-- Default suite -->
</testng-results>
